[    0.000000] Linux version 4.15.0-212-generic (buildd@lcy02-amd64-083) (gcc version 7.5.0 (Ubuntu 7.5.0-3ubuntu1~18.04)) #223-Ubuntu SMP Tue May 23 13:09:22 UTC 2023 (Ubuntu 4.15.0-212.223-generic 4.15.18)
[    0.000000] Command line: BOOT_IMAGE=/boot/vmlinuz-4.15.0-212-generic root=LABEL=cloudimg-rootfs ro console=tty1 console=ttyS0
[    0.000000] KERNEL supported cpus:
[    0.000000]   Intel GenuineIntel
[    0.000000]   AMD AuthenticAMD
[    0.000000]   Centaur CentaurHauls
[    0.000000] x86/fpu: x87 FPU will use FXSAVE
[    0.000000] e820: BIOS-provided physical RAM map:
[    0.000000] BIOS-e820: [mem 0x0000000000000000-0x000000000009fbff] usable
[    0.000000] BIOS-e820: [mem 0x000000000009fc00-0x000000000009ffff] reserved
[    0.000000] BIOS-e820: [mem 0x00000000000f0000-0x00000000000fffff] reserved
[    0.000000] BIOS-e820: [mem 0x0000000000100000-0x000000007ffeffff] usable
[    0.000000] BIOS-e820: [mem 0x000000007fff0000-0x000000007fffffff] ACPI data
[    0.000000] BIOS-e820: [mem 0x00000000fec00000-0x00000000fec00fff] reserved
[    0.000000] BIOS-e820: [mem 0x00000000fee00000-0x00000000fee00fff] reserved
[    0.000000] BIOS-e820: [mem 0x00000000fffc0000-0x00000000ffffffff] reserved
[    0.000000] NX (Execute Disable) protection: active
[    0.000000] SMBIOS 2.5 present.
[    0.000000] DMI: innotek GmbH VirtualBox/VirtualBox, BIOS VirtualBox 12/01/2006
[    0.000000] Hypervisor detected: KVM
[    0.000000] e820: last_pfn = 0x7fff0 max_arch_pfn = 0x400000000
[    0.000000] MTRR: Disabled
[    0.000000] x86/PAT: MTRRs disabled, skipping PAT initialization too.
[    0.000000] CPU MTRRs all blank - virtualized system.
[    0.000000] x86/PAT: Configuration [0-7]: WB  WT  UC- UC  WB  WT  UC- UC  
[    0.000000] found SMP MP-table at [mem 0x0009fff0-0x0009ffff]
[    0.000000] Scanning 1 areas for low memory corruption
[    0.000000] RAMDISK: [mem 0x359cb000-0x36cdcfff]
[    0.000000] ACPI: Early table checksum verification disabled
[    0.000000] ACPI: RSDP 0x00000000000E0000 000024 (v02 VBOX  )
[    0.000000] ACPI: XSDT 0x000000007FFF0030 00003C (v01 VBOX   VBOXXSDT 00000001 ASL  00000061)
[    0.000000] ACPI: FACP 0x000000007FFF00F0 0000F4 (v04 VBOX   VBOXFACP 00000001 ASL  00000061)
[    0.000000] ACPI: DSDT 0x000000007FFF0610 002353 (v02 VBOX   VBOXBIOS 00000002 INTL 20100528)
[    0.000000] ACPI: FACS 0x000000007FFF0200 000040
[    0.000000] ACPI: FACS 0x000000007FFF0200 000040
[    0.000000] ACPI: APIC 0x000000007FFF0240 00005C (v02 VBOX   VBOXAPIC 00000001 ASL  00000061)
[    0.000000] ACPI: SSDT 0x000000007FFF02A0 00036C (v01 VBOX   VBOXCPUT 00000002 INTL 20100528)
[    0.000000] ACPI: Reserving FACP table memory at [mem 0x7fff00f0-0x7fff01e3]
[    0.000000] ACPI: Reserving DSDT table memory at [mem 0x7fff0610-0x7fff2962]
[    0.000000] ACPI: Reserving FACS table memory at [mem 0x7fff0200-0x7fff023f]
[    0.000000] ACPI: Reserving FACS table memory at [mem 0x7fff0200-0x7fff023f]
[    0.000000] ACPI: Reserving APIC table memory at [mem 0x7fff0240-0x7fff029b]
[    0.000000] ACPI: Reserving SSDT table memory at [mem 0x7fff02a0-0x7fff060b]
[    0.000000] No NUMA configuration found
[    0.000000] Faking a node at [mem 0x0000000000000000-0x000000007ffeffff]
[    0.000000] NODE_DATA(0) allocated [mem 0x7ffc5000-0x7ffeffff]
[    0.000000] kvm-clock: cpu 0, msr 0:7ff44001, primary cpu clock
[    0.000000] kvm-clock: Using msrs 4b564d01 and 4b564d00
[    0.000000] kvm-clock: using sched offset of 5925179332 cycles
[    0.000000] clocksource: kvm-clock: mask: 0xffffffffffffffff max_cycles: 0x1cd42e4dffb, max_idle_ns: 881590591483 ns
[    0.000000] Zone ranges:
[    0.000000]   DMA      [mem 0x0000000000001000-0x0000000000ffffff]
[    0.000000]   DMA32    [mem 0x0000000001000000-0x000000007ffeffff]
[    0.000000]   Normal   empty
[    0.000000]   Device   empty
[    0.000000] Movable zone start for each node
[    0.000000] Early memory node ranges
[    0.000000]   node   0: [mem 0x0000000000001000-0x000000000009efff]
[    0.000000]   node   0: [mem 0x0000000000100000-0x000000007ffeffff]
[    0.000000] Reserved but unavailable: 104 pages
[    0.000000] Initmem setup node 0 [mem 0x0000000000001000-0x000000007ffeffff]
[    0.000000] ACPI: PM-Timer IO Port: 0x4008
[    0.000000] IOAPIC[0]: apic_id 2, version 32, address 0xfec00000, GSI 0-23
[    0.000000] ACPI: INT_SRC_OVR (bus 0 bus_irq 0 global_irq 2 dfl dfl)
[    0.000000] ACPI: INT_SRC_OVR (bus 0 bus_irq 9 global_irq 9 low level)
[    0.000000] Using ACPI (MADT) for SMP configuration information
[    0.000000] smpboot: Allowing 2 CPUs, 0 hotplug CPUs
[    0.000000] PM: Registered nosave memory: [mem 0x00000000-0x00000fff]
[    0.000000] PM: Registered nosave memory: [mem 0x0009f000-0x0009ffff]
[    0.000000] PM: Registered nosave memory: [mem 0x000a0000-0x000effff]
[    0.000000] PM: Registered nosave memory: [mem 0x000f0000-0x000fffff]
[    0.000000] e820: [mem 0x80000000-0xfebfffff] available for PCI devices
[    0.000000] Booting paravirtualized kernel on KVM
[    0.000000] clocksource: refined-jiffies: mask: 0xffffffff max_cycles: 0xffffffff, max_idle_ns: 7645519600211568 ns
[    0.000000] setup_percpu: NR_CPUS:8192 nr_cpumask_bits:2 nr_cpu_ids:2 nr_node_ids:1
[    0.000000] percpu: Embedded 50 pages/cpu s167936 r8192 d28672 u1048576
[    0.000000] PV qspinlock hash table entries: 256 (order: 0, 4096 bytes)
[    0.000000] Built 1 zonelists, mobility grouping on.  Total pages: 515961
[    0.000000] Policy zone: DMA32
[    0.000000] Kernel command line: BOOT_IMAGE=/boot/vmlinuz-4.15.0-212-generic root=LABEL=cloudimg-rootfs ro console=tty1 console=ttyS0
[    0.000000] Memory: 2014836K/2096696K available (12300K kernel code, 2477K rwdata, 4324K rodata, 2480K init, 2720K bss, 81860K reserved, 0K cma-reserved)
[    0.000000] SLUB: HWalign=64, Order=0-3, MinObjects=0, CPUs=2, Nodes=1
[    0.000000] ftrace: allocating 39508 entries in 155 pages
[    0.004000] Hierarchical RCU implementation.
[    0.004000] 	RCU restricting CPUs from NR_CPUS=8192 to nr_cpu_ids=2.
[    0.004000] 	Tasks RCU enabled.
[    0.004000] RCU: Adjusting geometry for rcu_fanout_leaf=16, nr_cpu_ids=2
[    0.004000] NR_IRQS: 524544, nr_irqs: 440, preallocated irqs: 16
[    0.004000] random: crng init done
[    0.004000] Console: colour VGA+ 80x25
[    0.004000] console [tty1] enabled
[    0.004000] console [ttyS0] enabled
[    0.004000] ACPI: Core revision 20170831
[    0.004000] ACPI: 2 ACPI AML tables successfully acquired and loaded
[    0.004000] APIC: Switch to symmetric I/O mode setup
[    0.004000] ..TIMER: vector=0x30 apic1=0 pin1=2 apic2=-1 pin2=-1
[    0.004016] tsc: Detected 3110.400 MHz processor
[    0.008025] Calibrating delay loop (skipped) preset value.. 6220.80 BogoMIPS (lpj=12441600)
[    0.012018] pid_max: default: 32768 minimum: 301
[    0.016279] Security Framework initialized
[    0.020017] Yama: becoming mindful.
[    0.028016] AppArmor: AppArmor initialized
[    0.064890] Dentry cache hash table entries: 262144 (order: 9, 2097152 bytes)
[    0.084192] Inode-cache hash table entries: 131072 (order: 8, 1048576 bytes)
[    0.088622] Mount-cache hash table entries: 4096 (order: 3, 32768 bytes)
[    0.092355] Mountpoint-cache hash table entries: 4096 (order: 3, 32768 bytes)
[    0.105808] Last level iTLB entries: 4KB 0, 2MB 0, 4MB 0
[    0.108013] Last level dTLB entries: 4KB 0, 2MB 0, 4MB 0, 1GB 0
[    0.112017] Spectre V1 : Mitigation: usercopy/swapgs barriers and __user pointer sanitization
[    0.116010] Spectre V2 : Mitigation: Enhanced IBRS
[    0.120013] Spectre V2 : Spectre v2 / SpectreRSB mitigation: Filling RSB on context switch
[    0.124013] Spectre V2 : Spectre v2 / PBRSB-eIBRS: Retire a single CALL on VMEXIT
[    0.128014] RETBleed: Mitigation: Enhanced IBRS
[    0.132008] Speculative Store Bypass: Vulnerable
[    0.136233] Freeing SMP alternatives memory: 36K
[    0.260008] APIC calibration not consistent with PM-Timer: 98ms instead of 100ms
[    0.264000] APIC delta adjusted to PM-Timer: 6296001 (6190363)
[    0.265559] smpboot: CPU0: 12th Gen Intel(R) Core(TM) i5-12500H (family: 0x6, model: 0x9a, stepping: 0x3)
[    0.269814] Performance Events: unsupported p6 CPU model 154 no PMU driver, software events only.
[    0.276060] Hierarchical SRCU implementation.
[    0.281475] NMI watchdog: Perf event create on CPU 0 failed with -2
[    0.284009] NMI watchdog: Perf NMI watchdog permanently disabled
[    0.289018] smp: Bringing up secondary CPUs ...
[    0.298086] x86: Booting SMP configuration:
[    0.300011] .... node  #0, CPUs:      #1
[    0.004000] kvm-clock: cpu 1, msr 0:7ff44041, secondary cpu clock
[    0.332000] TSC synchronization [CPU#0 -> CPU#1]:
[    0.332000] Measured 115698 cycles TSC warp between CPUs, turning off TSC clock.
[    0.332000] tsc: Marking TSC unstable due to check_tsc_sync_source failed
[    0.340525] smp: Brought up 1 node, 2 CPUs
[    0.344011] smpboot: Max logical packages: 1
[    0.348034] smpboot: Total of 2 processors activated (12441.60 BogoMIPS)
[    0.360024] devtmpfs: initialized
[    0.364262] x86/mm: Memory block size: 128MB
[    0.369361] evm: security.selinux
[    0.372010] evm: security.SMACK64
[    0.376007] evm: security.SMACK64EXEC
[    0.380013] evm: security.SMACK64TRANSMUTE
[    0.384008] evm: security.SMACK64MMAP
[    0.388008] evm: security.apparmor
[    0.392008] evm: security.ima
[    0.396014] evm: security.capability
[    0.404838] clocksource: jiffies: mask: 0xffffffff max_cycles: 0xffffffff, max_idle_ns: 7645041785100000 ns
[    0.444025] futex hash table entries: 512 (order: 3, 32768 bytes)
[    0.468629] pinctrl core: initialized pinctrl subsystem
[    0.492480] RTC time:  5:12:05, date: 09/05/23
[    0.510025] NET: Registered protocol family 16
[    0.524682] audit: initializing netlink subsys (disabled)
[    0.544558] audit: type=2000 audit(1693890731.277:1): state=initialized audit_enabled=0 res=1
[    0.548023] cpuidle: using governor ladder
[    0.564021] cpuidle: using governor menu
[    0.576117] ACPI: bus type PCI registered
[    0.584009] acpiphp: ACPI Hot Plug PCI Controller Driver version: 0.5
[    0.605340] PCI: Using configuration type 1 for base access
[    0.636139] HugeTLB registered 2.00 MiB page size, pre-allocated 0 pages
[    0.653002] ACPI: Added _OSI(Module Device)
[    0.656014] ACPI: Added _OSI(Processor Device)
[    0.660015] ACPI: Added _OSI(3.0 _SCP Extensions)
[    0.664012] ACPI: Added _OSI(Processor Aggregator Device)
[    0.668018] ACPI: Added _OSI(Linux-Dell-Video)
[    0.672012] ACPI: Added _OSI(Linux-Lenovo-NV-HDMI-Audio)
[    0.676020] ACPI: Added _OSI(Linux-HPI-Hybrid-Graphics)
[    0.688760] ACPI: Executed 1 blocks of module-level executable AML code
[    0.704162] ACPI: Interpreter enabled
[    0.708036] ACPI: (supports S0 S5)
[    0.712018] ACPI: Using IOAPIC for interrupt routing
[    0.717633] PCI: Using host bridge windows from ACPI; if necessary, use "pci=nocrs" and report a bug
[    0.721005] ACPI: Enabled 2 GPEs in block 00 to 07
[    0.755519] ACPI: PCI Root Bridge [PCI0] (domain 0000 [bus 00-ff])
[    0.756024] acpi PNP0A03:00: _OSC: OS supports [ASPM ClockPM Segments MSI]
[    0.764807] acpi PNP0A03:00: _OSC: not requesting OS control; OS requires [ExtendedConfig ASPM ClockPM MSI]
[    0.768032] acpi PNP0A03:00: fail to add MMCONFIG information, can't access extended PCI configuration space under this bridge.
[    0.775036] PCI host bridge to bus 0000:00
[    0.776019] pci_bus 0000:00: root bus resource [io  0x0000-0x0cf7 window]
[    0.780013] pci_bus 0000:00: root bus resource [io  0x0d00-0xffff window]
[    0.784015] pci_bus 0000:00: root bus resource [mem 0x000a0000-0x000bffff window]
[    0.788018] pci_bus 0000:00: root bus resource [mem 0x80000000-0xfdffffff window]
[    0.792017] pci_bus 0000:00: root bus resource [bus 00-ff]
[    0.820433] pci 0000:00:01.1: legacy IDE quirk: reg 0x10: [io  0x01f0-0x01f7]
[    0.824011] pci 0000:00:01.1: legacy IDE quirk: reg 0x14: [io  0x03f6]
[    0.828016] pci 0000:00:01.1: legacy IDE quirk: reg 0x18: [io  0x0170-0x0177]
[    0.832017] pci 0000:00:01.1: legacy IDE quirk: reg 0x1c: [io  0x0376]
[    0.905237] pci 0000:00:07.0: quirk: [io  0x4000-0x403f] claimed by PIIX4 ACPI
[    0.908118] pci 0000:00:07.0: quirk: [io  0x4100-0x410f] claimed by PIIX4 SMB
[    0.955513] ACPI: PCI Interrupt Link [LNKA] (IRQs 5 9 10 *11)
[    0.961544] ACPI: PCI Interrupt Link [LNKB] (IRQs 5 9 *10 11)
[    0.968492] ACPI: PCI Interrupt Link [LNKC] (IRQs 5 *9 10 11)
[    0.976655] ACPI: PCI Interrupt Link [LNKD] (IRQs 5 9 10 *11)
[    0.985052] SCSI subsystem initialized
[    0.992998] pci 0000:00:02.0: vgaarb: setting as boot VGA device
[    0.996000] pci 0000:00:02.0: vgaarb: VGA device added: decodes=io+mem,owns=io+mem,locks=none
[    0.996024] pci 0000:00:02.0: vgaarb: bridge control possible
[    1.000011] vgaarb: loaded
[    1.004204] ACPI: bus type USB registered
[    1.008159] usbcore: registered new interface driver usbfs
[    1.012237] usbcore: registered new interface driver hub
[    1.016034] usbcore: registered new device driver usb
[    1.024428] EDAC MC: Ver: 3.0.0
[    1.036704] PCI: Using ACPI for IRQ routing
[    1.045195] NetLabel: Initializing
[    1.048007] NetLabel:  domain hash size = 128
[    1.052013] NetLabel:  protocols = UNLABELED CIPSOv4 CALIPSO
[    1.056355] NetLabel:  unlabeled traffic allowed by default
[    1.069105] clocksource: Switched to clocksource kvm-clock
[    1.089955] VFS: Disk quotas dquot_6.6.0
[    1.089955] VFS: Dquot-cache hash table entries: 512 (order 0, 4096 bytes)
[    1.089955] AppArmor: AppArmor Filesystem Enabled
[    1.089955] pnp: PnP ACPI init
[    1.252456] pnp: PnP ACPI: found 3 devices
[    1.390886] clocksource: acpi_pm: mask: 0xffffff max_cycles: 0xffffff, max_idle_ns: 2085701024 ns
[    1.392943] NET: Registered protocol family 2
[    1.392943] IP idents hash table entries: 32768 (order: 6, 262144 bytes)
[    1.392943] TCP established hash table entries: 16384 (order: 5, 131072 bytes)
[    1.466530] TCP bind hash table entries: 16384 (order: 6, 262144 bytes)
[    1.488238] TCP: Hash tables configured (established 16384 bind 16384)
[    1.489905] UDP hash table entries: 1024 (order: 3, 32768 bytes)
[    1.489905] UDP-Lite hash table entries: 1024 (order: 3, 32768 bytes)
[    1.489905] NET: Registered protocol family 1
[    1.489905] pci 0000:00:00.0: Limiting direct PCI/PCI transfers
[    1.489905] pci 0000:00:01.0: Activating ISA DMA hang workarounds
[    1.489905] pci 0000:00:02.0: Video device with shadowed ROM at [mem 0x000c0000-0x000dffff]
[    1.489905] Unpacking initramfs...
[    3.016068] Freeing initrd memory: 19528K
[    3.030473] clocksource: tsc: mask: 0xffffffffffffffff max_cycles: 0x2cd5a8bb032, max_idle_ns: 440795365915 ns
[    3.058301] platform rtc_cmos: registered platform RTC device (no PNP device found)
[    3.081126] Scanning for low memory corruption every 60 seconds
[    3.105981] Initialise system trusted keyrings
[    3.122325] Key type blacklist registered
[    3.135664] workingset: timestamp_bits=36 max_order=19 bucket_order=0
[    3.157542] zbud: loaded
[    3.166600] squashfs: version 4.0 (2009/01/31) Phillip Lougher
[    3.186223] fuse init (API version 7.26)
[    3.270409] Key type asymmetric registered
[    3.283651] Asymmetric key parser 'x509' registered
[    3.293226] Block layer SCSI generic (bsg) driver version 0.4 loaded (major 246)
[    3.317558] io scheduler noop registered
[    3.330454] io scheduler deadline registered
[    3.342644] io scheduler cfq registered (default)
[    3.355517] ACPI: AC Adapter [AC] (on-line)
[    3.368834] input: Power Button as /devices/LNXSYSTM:00/LNXPWRBN:00/input/input0
[    3.393243] ACPI: Power Button [PWRF]
[    3.405792] input: Sleep Button as /devices/LNXSYSTM:00/LNXSLPBN:00/input/input1
[    3.426333] ACPI: Sleep Button [SLPF]
[    3.442479] Serial: 8250/16550 driver, 32 ports, IRQ sharing enabled
[    3.449585] ACPI: Battery Slot [BAT0] (battery present)
[    3.522134] 00:02: ttyS0 at I/O 0x3f8 (irq = 4, base_baud = 115200) is a 16550A
[    3.583966] Linux agpgart interface v0.103
[    3.630474] loop: module loaded
[    3.648662] scsi host0: ata_piix
[    3.667176] scsi host1: ata_piix
[    3.681249] ata1: PATA max UDMA/33 cmd 0x1f0 ctl 0x3f6 bmdma 0xd000 irq 14
[    3.705040] ata2: PATA max UDMA/33 cmd 0x170 ctl 0x376 bmdma 0xd008 irq 15
[    3.725682] tun: Universal TUN/TAP device driver, 1.6
[    3.744664] PPP generic driver version 2.4.2
[    3.759455] ehci_hcd: USB 2.0 'Enhanced' Host Controller (EHCI) Driver
[    3.777185] ehci-pci: EHCI PCI platform driver
[    3.790672] ehci-platform: EHCI generic platform driver
[    3.808236] ohci_hcd: USB 1.1 'Open' Host Controller (OHCI) Driver
[    3.824681] ohci-pci: OHCI PCI platform driver
[    3.835716] ohci-platform: OHCI generic platform driver
[    3.856984] uhci_hcd: USB Universal Host Controller Interface driver
[    3.882959] i8042: PNP: PS/2 Controller [PNP0303:PS2K,PNP0f03:PS2M] at 0x60,0x64 irq 1,12
[    3.992301] serio: i8042 KBD port at 0x60,0x64 irq 1
[    4.007479] serio: i8042 AUX port at 0x60,0x64 irq 12
[    4.024623] mousedev: PS/2 mouse device common for all mice
[    4.049352] rtc_cmos rtc_cmos: rtc core: registered rtc_cmos as rtc0
[    4.070749] rtc_cmos rtc_cmos: alarms up to one day, 114 bytes nvram
[    4.092707] i2c /dev entries driver
[    4.109025] device-mapper: uevent: version 1.0.3
[    4.128775] device-mapper: ioctl: 4.37.0-ioctl (2017-09-20) initialised: dm-devel@redhat.com
[    4.163694] input: AT Translated Set 2 keyboard as /devices/platform/i8042/serio0/input/input2
[    4.169489] ledtrig-cpu: registered to indicate activity on CPUs
[    4.224744] NET: Registered protocol family 10
[    4.271450] Segment Routing with IPv6
[    4.288358] NET: Registered protocol family 17
[    4.308004] Key type dns_resolver registered
[    4.321102] mce: Using 0 MCE banks
[    4.335767] RAS: Correctable Errors collector initialized.
[    4.359558] sched_clock: Marking stable (4359325180, 0)->(7493964424, -3134639244)
[    4.414254] registered taskstats version 1
[    4.432784] Loading compiled-in X.509 certificates
[    4.466189] Loaded X.509 cert 'Build time autogenerated kernel key: b5b26778eaa3ab3a4a6cee031137706e947d12ad'
[    4.506699] Loaded X.509 cert 'Canonical Ltd. Live Patch Signing: 14df34d1a87cf37625abec039ef2bf521249b969'
[    4.547293] Loaded X.509 cert 'Canonical Ltd. Kernel Module Signing: 88f752e560a1e0737e31163a466ad7b70a850c19'
[    4.576006] blacklist: Loading compiled-in revocation X.509 certificates
[    4.593068] Loaded X.509 cert 'Canonical Ltd. Secure Boot Signing: 61482aa2830d0ab2ad5af10b7250da9033ddcef0'
[    4.621880] Loaded X.509 cert 'Canonical Ltd. Secure Boot Signing (2017): 242ade75ac4a15e50d50c84b0d45ff3eae707a03'
[    4.658312] Loaded X.509 cert 'Canonical Ltd. Secure Boot Signing (ESM 2018): 365188c1d374d6b07c3c8f240f8ef722433d6a8b'
[    4.693514] Loaded X.509 cert 'Canonical Ltd. Secure Boot Signing (2019): c0746fd6c5da3ae827864651ad66ae47fe24b3e8'
[    4.734211] Loaded X.509 cert 'Canonical Ltd. Secure Boot Signing (2021 v1): a8d54bbb3825cfb94fa13c9f8a594a195c107b8d'
[    4.776576] Loaded X.509 cert 'Canonical Ltd. Secure Boot Signing (2021 v2): 4cf046892d6fd3c9a5b03f98d845f90851dc6a8c'
[    4.810188] Loaded X.509 cert 'Canonical Ltd. Secure Boot Signing (2021 v3): 100437bb6de6e469b581e61cd66bce3ef4ed53af'
[    4.850835] Loaded X.509 cert 'Canonical Ltd. Secure Boot Signing (Ubuntu Core 2019): c1d57b8f6b743f23ee41f4f7ee292f06eecadfb9'
[    4.891146] zswap: loaded using pool lzo/zbud
[    4.937157] Key type big_key registered
[    4.948645] Key type trusted registered
[    4.973872] Key type encrypted registered
[    4.983149] AppArmor: AppArmor sha1 policy hashing enabled
[    5.004575] ima: No TPM chip found, activating TPM-bypass! (rc=-19)
[    5.021563] ima: Allocated hash algorithm: sha1
[    5.034359] evm: HMAC attrs: 0x1
[    5.044381]   Magic number: 7:90:213
[    5.057366] rtc_cmos rtc_cmos: setting system clock to 2023-09-05 05:12:11 UTC (1693890731)
[    5.079928] BIOS EDD facility v0.16 2004-Jun-25, 0 devices found
[    5.095055] EDD information not available.
[    5.112768] Freeing unused kernel image memory: 2480K
[    5.144100] Write protecting the kernel read-only data: 20480k
[    5.163293] Freeing unused kernel image memory: 2008K
[    5.177093] Freeing unused kernel image memory: 1820K
[    5.199599] x86/mm: Checked W+X mappings: passed, no W+X pages found.
Loading, please wait...
starting version 237
[    5.438399] e1000: Intel(R) PRO/1000 Network Driver - version 7.3.21-k8-NAPI
[    5.457616] e1000: Copyright (c) 1999-2006 Intel Corporation.
[    5.481762] Fusion MPT base driver 3.04.20
[    5.491064] Copyright (c) 1999-2008 LSI Corporation
[    5.563441] Fusion MPT SPI Host driver 3.04.20
[    5.690866] SSE version of gcm_enc/dec engaged.
[    5.955177] input: ImExPS/2 Generic Explorer Mouse as /devices/platform/i8042/serio1/input/input4
[    7.305903] e1000 0000:00:03.0 eth0: (PCI:33MHz:32-bit) 02:3b:7b:b7:3b:2d
[    7.329346] e1000 0000:00:03.0 eth0: Intel(R) PRO/1000 Network Connection
[    7.354123] mptbase: ioc0: Initiating bringup
[    9.073334] ioc0: LSI53C1030 A0: Capabilities={Initiator}
[   10.798555] scsi host2: ioc0: LSI53C1030 A0, FwRev=00000000h, Ports=1, MaxQ=256, IRQ=20
[   11.779021] scsi 2:0:0:0: Direct-Access     VBOX     HARDDISK         1.0  PQ: 0 ANSI: 5
[   11.844181] scsi target2:0:0: Beginning Domain Validation
[   11.906226] scsi target2:0:0: Domain Validation skipping write tests
[   11.922297] scsi target2:0:0: Ending Domain Validation
[   11.935296] scsi target2:0:0: asynchronous
[   11.953420] scsi 2:0:1:0: Direct-Access     VBOX     HARDDISK         1.0  PQ: 0 ANSI: 5
[   12.304872] scsi target2:0:1: Beginning Domain Validation
[   12.341897] scsi target2:0:1: Domain Validation skipping write tests
[   12.362695] scsi target2:0:1: Ending Domain Validation
[   12.384793] scsi target2:0:1: asynchronous
[   12.443211] sd 2:0:0:0: [sda] 83886080 512-byte logical blocks: (42.9 GB/40.0 GiB)
[   12.461697] sd 2:0:0:0: [sda] Write Protect is off
[   12.475367] sd 2:0:0:0: Attached scsi generic sg0 type 0
[   12.496946] sd 2:0:0:0: [sda] Incomplete mode parameter data
[   12.514998] sd 2:0:0:0: [sda] Assuming drive cache: write through
[   12.528598] sd 2:0:1:0: Attached scsi generic sg1 type 0
[   12.549355] sd 2:0:1:0: [sdb] 20480 512-byte logical blocks: (10.5 MB/10.0 MiB)
[   12.570386] sd 2:0:1:0: [sdb] Write Protect is off
[   12.581348]  sda: sda1
[   12.590728] sd 2:0:1:0: [sdb] Incomplete mode parameter data
[   12.605151] sd 2:0:1:0: [sdb] Assuming drive cache: write through
[   12.633872] sd 2:0:0:0: [sda] Attached SCSI disk
[   12.661065] sd 2:0:1:0: [sdb] Attached SCSI disk
[   13.365930] e1000 0000:00:08.0 eth1: (PCI:33MHz:32-bit) 08:00:27:e8:7c:10
[   13.386252] e1000 0000:00:08.0 eth1: Intel(R) PRO/1000 Network Connection
[   13.410806] e1000 0000:00:03.0 enp0s3: renamed from eth0
[   13.434380] e1000 0000:00:08.0 enp0s8: renamed from eth1
Begin: Loading essential drivers ... [   17.436819] raid6: sse2x1   gen()  6708 MB/s
[   17.497488] raid6: sse2x1   xor()  2473 MB/s
[   17.556587] raid6: sse2x2   gen()  5635 MB/s
[   17.620492] raid6: sse2x2   xor()  3163 MB/s
[   17.684489] raid6: sse2x4   gen()  5674 MB/s
[   17.748414] raid6: sse2x4   xor()  4130 MB/s
[   17.761700] raid6: using algorithm sse2x1 gen() 6708 MB/s
[   17.781920] raid6: .... xor() 2473 MB/s, rmw enabled
[   17.802916] raid6: using ssse3x2 recovery algorithm
[   17.827364] xor: measuring software checksum speed
[   17.884247]    prefetch64-sse:  8061.000 MB/sec
[   17.940197]    generic_sse: 10146.000 MB/sec
[   17.953443] xor: using function: generic_sse (10146.000 MB/sec)
[   17.977378] async_tx: api initialized (async)
done.
Begin: Running /scripts/init-premount ... done.
Begin: Mounting root file system ... Begin: Running /scripts/local-top ... done.
Begin: Running /scripts/local-premount ... [   18.200484] Btrfs loaded, crc32c=crc32c-intel
Scanning for Btrfs filesystems
done.
Warning: fsck not present, so skipping root file system
[   18.367881] EXT4-fs (sda1): mounted filesystem with ordered data mode. Opts: (null)
done.
Begin: Running /scripts/local-bottom ... done.
Begin: Running /scripts/init-bottom ... done.
[   19.000967] ip_tables: (C) 2000-2006 Netfilter Core Team
[   19.065141] systemd[1]: systemd 237 running in system mode. (+PAM +AUDIT +SELINUX +IMA +APPARMOR +SMACK +SYSVINIT +UTMP +LIBCRYPTSETUP +GCRYPT +GNUTLS +ACL +XZ +LZ4 +SECCOMP +BLKID +ELFUTILS +KMOD -IDN2 +IDN -PCRE2 default-hierarchy=hybrid)
[   19.144339] systemd[1]: Detected virtualization oracle.
[   19.161493] systemd[1]: Detected architecture x86-64.

Welcome to [1mUbuntu 18.04.6 LTS[0m!

[   19.261025] systemd[1]: Set hostname to <ubuntu>.
[   19.291117] systemd[1]: Initializing machine ID from random generator.
[   19.305831] systemd[1]: Installed transient /etc/machine-id file.
[   20.126325] systemd[1]: Reached target System Time Synchronized.
[[0;32m  OK  [0m] Reached target System Time Synchronized.
[   20.154490] systemd[1]: Reached target Mounting snaps.
[[0;32m  OK  [0m] Reached target Mounting snaps.
[   20.178845] systemd[1]: Started Forward Password Requests to Wall Directory Watch.
[[0;32m  OK  [0m] Started Forward Password Requests to Wall Directory Watch.
[   20.247853] systemd[1]: Created slice User and Session Slice.
[[0;32m  OK  [0m] Created slice User and Session Slice.
[[0;32m  OK  [0m] Created slice System Slice.
[[0;32m  OK  [0m] Listening on LVM2 metadata daemon socket.
[[0;32m  OK  [0m] Listening on udev Control Socket.
[[0;32m  OK  [0m] Listening on /dev/initctl Compatibility Named Pipe.
[[0;32m  OK  [0m] Listening on fsck to fsckd communication Socket.
[[0;32m  OK  [0m] Listening on Network Service Netlink Socket.
[[0;32m  OK  [0m] Listening on Journal Socket (/dev/log).
[[0;32m  OK  [0m] Listening on Device-mapper event daemon FIFOs.
[[0;32m  OK  [0m] Listening on LVM2 poll daemon socket.
[[0;32m  OK  [0m] Listening on Journal Audit Socket.
[[0;32m  OK  [0m] Listening on Syslog Socket.
[[0;32m  OK  [0m] Reached target User and Group Name Lookups.
[[0;32m  OK  [0m] Set up automount Arbitrary Executab…rmats File System Automount Point.
[[0;32m  OK  [0m] Created slice system-serial\x2dgetty.slice.
[[0;32m  OK  [0m] Reached target Mounted snaps.
[[0;32m  OK  [0m] Listening on udev Kernel Socket.
[[0;32m  OK  [0m] Reached target Swap.
[[0;32m  OK  [0m] Reached target Slices.
[[0;32m  OK  [0m] Listening on Journal Socket.
         Mounting Huge Pages File System...
         Starting Create list of required st…ce nodes for the current kernel...
         Mounting Kernel Debug File System...
         Starting Set the console keyboard layout...
         Starting Journal Service...
         Mounting POSIX Message Queue File System...
         Starting File System Check on Root Device...
         Starting Monitoring of LVM2 mirrors…ng dmeventd or progress polling...
         Starting udev Coldplug all Devices...
         Starting Uncomplicated firewall...
         Starting Load Kernel Modules...
[[0;32m  OK  [0m] Mounted Huge Pages File System.
[[0;32m  OK  [0m] Started Create list of required sta…vice nodes for the current kernel.
[[0;32m  OK  [0m] Mounted Kernel Debug File System.
[[0;32m  OK  [0m[   21.103361] Loading iSCSI transport class v2.0-870.
] Mounted POSIX Message Queue File System.
[[0;32m  OK  [0m] Started Uncomplicated firewall.
[[0;32m  OK  [0m] Started Journal Service.
[[0;32m  OK  [0m] Started LVM2 metadata daemon.
[[0;32m  OK  [0m] Started File System Check Daemon to report status.
         Starting Create Static Device Nodes in /dev...
[[0;32m  OK  [0m] Started File System Check on Root Device.
         Starting Remount Root and Kernel File Systems...
[[0;32m  OK  [0m] Started udev Coldplug all Devices.
[[0;32m  OK  [0m] Started Create Static Device Nodes in /dev.
[   21.378804] iscsi: registered transport (tcp)
[   21.418741] EXT4-fs (sda1): re-mounted. Opts: (null)
[[0;32m  OK  [0m] Started Remount Root and Kernel File Systems.
[[0;32m  OK  [0m] Started Monitoring of LVM2 mirrors,…sing dmeventd or progress polling.
         Starting Flush Journal to Persistent Storage...
         Starting Load/Save Random Seed...
         Starting udev Kernel Device Manager...
[   21.542650] systemd-journald[417]: Received request to flush runtime journal from PID 1
[[0;32m  OK  [0m] Started Load/Save Random Seed.
[[0;32m  OK  [0m] Started udev Kernel Device Manager.
[[0;32m  OK  [0m] Started Flush Journal to Persistent Storage.
[   21.822243] iscsi: registered transport (iser)
[[0;32m  OK  [0m] Started Load Kernel Modules.
         Mounting Kernel Configuration File System...
         Starting Apply Kernel Variables...
         Mounting FUSE Control File System...
[[0;32m  OK  [0m] Mounted Kernel Configuration File System.
[[0;32m  OK  [0m] Mounted FUSE Control File System.
[[0;32m  OK  [0m] Started Apply Kernel Variables.
[[0;32m  OK  [0m] Found device /dev/ttyS0.
[[0;32m  OK  [0m] Listening on Load/Save RF Kill Switch Status /dev/rfkill Watch.
[[0;32m  OK  [0m] Started Set the console keyboard layout.
         Mounting Arbitrary Executable File Formats File System...
[[0;32m  OK  [0m] Started Dispatch Password Requests to Console Directory Watch.
[[0;32m  OK  [0m] Reached target Local Encrypted Volumes.
[[0;32m  OK  [0m] Reached target Local File Systems (Pre).
[[0;32m  OK  [0m] Reached target Local File Systems.
         Starting ebtables ruleset management...
         Starting Set console font and keymap...
         Starting Tell Plymouth To Write Out Runtime Data...
         Starting AppArmor initialization...
         Starting Commit a transient machine-id on disk...
         Starting Create Volatile Files and Directories...
[[0;32m  OK  [0m] Mounted Arbitrary Executable File Formats File System.
[[0;32m  OK  [0m] Started Tell Plymouth To Write Out Runtime Data.
[[0;32m  OK  [0m] Started Create Volatile Files and Directories.
         Starting Update UTMP about System Boot/Shutdown...
[[0;32m  OK  [0m] Started Update UTMP about System Boot/Shutdown.
[[0;32m  OK  [0m] Started Commit a transient machine-id on disk.
[[0;32m  OK  [0m] Started ebtables ruleset management.
[[0;32m  OK  [0m] Started AppArmor initialization.
         Starting Load AppArmor profiles managed internally by snapd...
         Starting Initial cloud-init job (pre-networking)...
[[0;32m  OK  [0m] Started Load AppArmor profiles managed internally by snapd.
[[0;32m  OK  [0m] Started Set console font and keymap.
[   29.995018] cloud-init[779]: Cloud-init v. 23.1.2-0ubuntu0~18.04.1 running 'init-local' at Tue, 05 Sep 2023 05:12:35 +0000. Up 29.24 seconds.
[[0;32m  OK  [0m] Started Initial cloud-init job (pre-networking).
[[0;32m  OK  [0m] Reached target Network (Pre).
         Starting Network Service...
[[0;32m  OK  [0m] Started Network Service.
         Starting Wait for Network to be Configured...
         Starting Network Name Resolution...
[[0;32m  OK  [0m] Started Network Name Resolution.
[[0;32m  OK  [0m] Reached target Network.
[[0;32m  OK  [0m] Reached target Host and Network Name Lookups.
[[0;32m  OK  [0m] Started Wait for Network to be Configured.
         Starting Initial cloud-init job (metadata service crawler)...
[   33.453315] cloud-init[916]: Cloud-init v. 23.1.2-0ubuntu0~18.04.1 running 'init' at Tue, 05 Sep 2023 05:12:39 +0000. Up 33.12 seconds.
[   33.470281] cloud-init[916]: ci-info: ++++++++++++++++++++++++++++++++++++++Net device info+++++++++++++++++++++++++++++++++++++++
[   33.488035] cloud-init[916]: ci-info: +--------+-------+----------------------------+---------------+--------+-------------------+
[   33.499299] cloud-init[916]: ci-info: | Device |   Up  |          Address           |      Mask     | Scope  |     Hw-Address    |
[   33.509053] cloud-init[916]: ci-info: +--------+-------+----------------------------+---------------+--------+-------------------+
[   33.519934] cloud-init[916]: ci-info: | enp0s3 |  True |         10.0.2.15          | 255.255.255.0 | global | 02:3b:7b:b7:3b:2d |
[   33.530346] cloud-init[916]: ci-info: | enp0s3 |  True | fe80::3b:7bff:feb7:3b2d/64 |       .       |  link  | 02:3b:7b:b7:3b:2d |
[   33.541713] cloud-init[916]: ci-info: | enp0s8 | False |             .              |       .       |   .    | 08:00:27:e8:7c:10 |
[   33.557926] cloud-init[916]: ci-info: |   lo   |  True |         127.0.0.1          |   255.0.0.0   |  host  |         .         |
[   33.569614] cloud-init[916]: ci-info: |   lo   |  True |          ::1/128           |       .       |  host  |         .         |
[   33.585110] cloud-init[916]: ci-info: +--------+-------+----------------------------+---------------+--------+-------------------+
[   33.607612] cloud-init[916]: ci-info: ++++++++++++++++++++++++++++Route IPv4 info+++++++++++++++++++++++++++++
[   33.631652] cloud-init[916]: ci-info: +-------+-------------+----------+-----------------+-----------+-------+
[   33.653349] cloud-init[916]: ci-info: | Route | Destination | Gateway  |     Genmask     | Interface | Flags |
[   33.675564] cloud-init[916]: ci-info: +-------+-------------+----------+-----------------+-----------+-------+
[   33.695708] cloud-init[916]: ci-info: |   0   |   0.0.0.0   | 10.0.2.2 |     0.0.0.0     |   enp0s3  |   UG  |
[   33.722485] cloud-init[916]: ci-info: |   1   |   10.0.2.0  | 0.0.0.0  |  255.255.255.0  |   enp0s3  |   U   |
[   33.742460] cloud-init[916]: ci-info: |   2   |   10.0.2.2  | 0.0.0.0  | 255.255.255.255 |   enp0s3  |   UH  |
[   33.765731] cloud-init[916]: ci-info: +-------+-------------+----------+-----------------+-----------+-------+
[   33.790259] cloud-init[916]: ci-info: +++++++++++++++++++Route IPv6 info+++++++++++++++++++
[   33.804072] cloud-init[916]: ci-info: +-------+-------------+---------+-----------+-------+
[   33.819291] cloud-init[916]: ci-info: | Route | Destination | Gateway | Interface | Flags |
[   33.837407] cloud-init[916]: ci-info: +-------+-------------+---------+-----------+-------+
[   33.859482] cloud-init[916]: ci-info: |   1   |  fe80::/64  |    ::   |   enp0s3  |   U   |
[   33.878535] cloud-init[916]: ci-info: |   3   |    local    |    ::   |   enp0s3  |   U   |
[   33.897523] cloud-init[916]: ci-info: |   4   |   ff00::/8  |    ::   |   enp0s3  |   U   |
[   33.913126] cloud-init[916]: ci-info: +-------+-------------+---------+-----------+-------+
[   35.791901] cloud-init[916]: Generating public/private rsa key pair.
[[0;32m  OK  [0m] Started Initial cloud-init job (metadata service crawler).
[   35.891588] [[0;32m  OK  [0m] Reached target System Initialization.
[[0;32m  OK  [0m] Started Ubuntu Advantage Timer for running repeated jobs.
[[0;32m  OK  [0m] Started Discard unused blocks once a week.
[[0;32m  OK  [0m] Listening on Open-iSCSI iscsid Socket.
[[0;32m  OK  [0m] Started Message of the Day.
[[0;32m  OK  [0m] Listening on D-Bus System Message Bus Socket.
         Starting Socket activation for snappy daemon.
[[0;32m  OK  [0m] Listening on UUID daemon activation socket.
[[0;32m  OK  [0m] Started Daily Cleanup of Temporary Directories.
[[0;32m  OK  [0m] Listening on cloud-init hotplug hook socket.
[[0;32m  OK  [0m] Started Daily apt download activities.
[[0;32m  OK  [0m] Started ACPI Events Check.
[[0;32m  OK  [0m] Reached target Paths.
         Starting LXD - unix socket.
[[0;32m  OK  [0m] Started Daily apt upgrade and clean activities.
[[0;32m  OK  [0m] Reached target Timers.
[[0;32m  OK  [0m] Listening on ACPID Listen Socket.
[[0;32m  OK  [0m] Reached target Cloud-config availability.
[[0;32m  OK  [0m] Reached target Network is Online.
         Starting Availability of block devices...
[[0;32m  OK  [0m] Reached target Remote File Systems (Pre).
[[0;32m  OK  [0m] Reached target Remote File Systems.
[[0;32m  OK  [0m] Listening on Socket activation for snappy daemon.
[[0;32m  OK  [0m] Listening on LXD - unix socket.
[[0;32m  OK  [0m] Reached target Sockets.
[[0;32m  OK  [0m] Reached target Basic System.
[[0;32m  OK  [0m] Started Regular background program processing daemon.
         Starting System Logging Service...
[[0;32m  OK  [0m] Reached target Login Prompts (Pre).
         Starting LSB: automatic crash report generation...
[[0;32m  OK  [0m] Started Deferred execution scheduler.
         Starting Accounts Service...
         Starting Permit User Sessions...
         Starting LXD - container startup/shutdown...
[[0;32m  OK  [0m] Started irqbalance daemon.
[[0;32m  OK  [0m] Started D-Bus System Message Bus.
cloud-init[916]: Your identification has been saved in /etc/ssh/ssh_host_rsa_key.
[   36.079354] cloud-init[916]: Your public key has been saved in /etc/ssh/ssh_host_rsa_key.pub.
[   36.109151] cloud-init[916]: The key fingerprint is:
[   36.131298] cloud-init[916]: SHA256:/oDXCbKiFHnByHBQK3kaFLn4oczGjrABK/++/1dtPFI root@ubuntu-bionic
[   36.149520] cloud-init[916]: The key's randomart image is:
[   36.163457] cloud-init[916]: +---[RSA 2048]----+
[   36.190349] cloud-init[916]: |o==              |
[   36.213627] cloud-init[916]: |.* +             |
[   36.230325] cloud-init[916]: |= * o            |
[   36.242996] cloud-init[916]: |o*.. .        E  |
[   36.257251] cloud-init[916]: |*+o.. . S    +   |
[   36.268601] cloud-init[916]: |*=.o   = o .o =  |
[   36.283219] cloud-init[916]: |*+. . o + o. o . |
[   36.298970] cloud-init[916]: |oo.. . . o.      |
[   36.313485] cloud-init[916]: |  .o+o.....      |
[   36.329571] cloud-init[916]: +----[SHA256]-----+
[   36.354829] cloud-init[916]: Generating public/private dsa key pair.
[   36.374781] cloud-init         Starting Virtualbox guest utils...
[916]: Your identification has been saved in /etc/ssh/ssh_host_dsa_key.         Starting Login Service...

         Starting Pollinate to seed the pseudo random number generator...
[[0;32m  OK  [0m] Started FUSE filesystem for LXC.
[   36.463549]          Starting Dispatcher daemon for systemd-networkd...
         Starting LSB: Record successful boot for GRUB...
cloud-init[916]: Your public key has been saved in /etc/ssh/ssh_host_dsa_key.pub.
         Starting Snap Daemon...
[[0;32m  OK  [0m] Started System Logging Service.
[[0;32m  OK  [0m] Started Availability of block devices.
[[0;32m  OK  [0m] Started Permit User Sessions.
[   36.541110] cloud-init[916]: The key fingerprint is:
[   36.561533] cloud-init[916]: SHA256:PGa9rJTLHvgdQr6oldR4e/aXrY8lpNTe9c6+V24neEA root@ubuntu-bionic         Starting Authorization Manager...
         Starting Terminate Plymouth Boot Screen...
         Starting Hold until boot process finishes up...

[   36.617138] cloud-init[[0;32m  OK  [0m] Started Hold until boot process finishes up.
         Starting Set console scheme...
[[0;32m  OK  [0m] Started Serial Getty on ttyS0.
[[0;32m  OK  [0m] Started Terminate Plymouth Boot Screen.
[916]: The key's randomart image is:
[   36.649863] cloud-init[916]: +---[DSA 1024]----+
[   36.654102] cloud-init[916]: |                 |
[   36.657903] cloud-init[916]: |                 |
[   36.666683] cloud-init[916]: |                 |
[   36.677927] cloud-init[916]: |       + .  E.   |
[   36.693048] cloud-init[916]: |      o S ... o .|
[   36.697025] cloud-init[916]: |     . O = o.+ .+|
[   36.707594] cloud-init[916]: |      + B * .oo+=|
[   36.712045] cloud-init[916]: |     . = X o. =**|
[   36.726366] cloud-init[916]: |    ....B . .ooBO|
[   36.738375] cloud-init[916]: +----[SHA256]-----+
[   36.746154] cloud-init[916]: Generating public/private ecdsa key pair.
[   36.754186] cloud-init[916]: Your identification has been saved in /etc/ssh/ssh_host_ecdsa_key.
[   36.762773] cloud-init[916]: Your public key has been saved in /etc/ssh/ssh_host_ecdsa_key.pub.
[   36.770675] cloud-init[916]: The key fingerprint is:
[   36.774911] cloud-init[916]: SHA256:HqprnTTFwRynOsfSAUrGzhubyu9PYron2rX+tOtEVws root@ubuntu-bionic
[   36.782007] cloud-init[916]: The key's randomart image is:
[   36.786499] cloud-init[916]: +---[ECDSA 256]---+
[   36.791695] cloud-init[916]: |   .o .o...      |
[   36.795578] cloud-init[916]: |   o.. .+o       |
[   36.800048] cloud-init[916]: |   o.  .E..      |
[   36.805104] cloud-init[916]: |    +  +o+ .     |
[   36.810160] cloud-init[916]: |     ==.S .      |
[   36.815051] cloud-init[916]: |    +.oB .       |
[   36.819357] cloud-init[916]: | . .+o=o.        |
[   36.825282] cloud-init[916]: | .++oBo.         |
[   36.829883] cloud-init[916]: |..+OB=*.         |
[   36.833918] cloud-init[916]: +----[SHA256]-----+
[   36.839765] cloud-init[916]: Generating public/private ed25519 key pair.
[   36.864519] cloud-init[916]: Your identification has been saved in /etc/ssh/ssh_host_ed25519_key.
[   36.898958] cloud-init[916]: Your public key has been saved in /etc/ssh/ssh_host_ed25519_key.pub.[[0;32m  OK  [0m] Started Login Service.
[[0;32m  OK  [0m] Started Unattended Upgrades Shutdown.

[   36.972509] cloud-init[916]: The key fingerprint is:
[   36.998324] cloud-init[916]: SHA256:gVLkHelZtMvXE45kV7em5H25dNzuPdZqkv6QO90P1Ys root@ubuntu-bionic[[0;32m  OK  [0m] Started Authorization Manager.
[[0;32m  OK  [0m] Started LSB: automatic crash report generation.

[   37.047035] cloud-init[[0;32m  OK  [0m] Started Accounts Service.
[916]: The key's randomart image is:[[0;32m  OK  [0m] Started Set console scheme.
[[0;32m  OK  [0m] Created slice system-getty.slice.
[[0;32m  OK  [0m] Started Getty on tty1.
[[0;32m  OK  [0m] Reached target Login Prompts.

[   37.146462] cloud-init[916]: +--[ED25519 256]--+
[[0;32m  OK  [0m] Started LXD - container startup/shutdown.
[   37.202785] cloud-init[916]: |     .o .o.     o|
[   37.230499] cloud-init[916]: |     o o....   .o|[[0;32m  OK  [0m] Started LSB: Record successful boot for GRUB.

[   37.253920] cloud-init[916]: |    . o.oo. o.oo |
[   37.305418] cloud-init[916]: |     .  oo +o=+o+|
[   37.326490] cloud-init[916]: |        S o oo++B|
[   37.358119] cloud-init[916]: |           . .o+=|
[   37.411017] cloud-init[916]: |            oE.+o|
[   37.487135] cloud-init[916]: |            +oo=+|
[   37.507365] cloud-init[916]: |           .o=+.*|
[   37.531456] cloud-init[916]: +----[SHA256]-----+
[[0;32m  OK  [0m] Started Virtualbox guest utils.
[[0;32m  OK  [0m] Started Dispatcher daemon for systemd-networkd.
[[0;32m  OK  [0m] Started Snap Daemon.
         Starting Wait until snapd is fully seeded...
[[0;32m  OK  [0m] Started Pollinate to seed the pseudo random number generator.
         Starting OpenBSD Secure Shell server...
[[0;32m  OK  [0m] Started OpenBSD Secure Shell server.
[[0;32m  OK  [0m] Created slice User Slice of vagrant.
[[0;32m  OK  [0m] Started Session 1 of user vagrant.
         Starting User Manager for UID 1000...
[[0;32m  OK  [0m] Started User Manager for UID 1000.
         Starting Time & Date Service...
[[0;32m  OK  [0m] Started Time & Date Service.

Ubuntu 18.04.6 LTS ubuntu-bionic ttyS0

ubuntu-bionic login: [   48.918504] cloud-init[1452]: Cloud-init v. 23.1.2-0ubuntu0~18.04.1 running 'modules:config' at Tue, 05 Sep 2023 05:12:54 +0000. Up 47.60 seconds.
ci-info: no authorized SSH keys fingerprints found for user ubuntu.
<14>Sep  5 05:12:56 cloud-init: #############################################################
<14>Sep  5 05:12:56 cloud-init: -----BEGIN SSH HOST KEY FINGERPRINTS-----
<14>Sep  5 05:12:56 cloud-init: 1024 SHA256:PGa9rJTLHvgdQr6oldR4e/aXrY8lpNTe9c6+V24neEA root@ubuntu-bionic (DSA)
<14>Sep  5 05:12:56 cloud-init: 256 SHA256:HqprnTTFwRynOsfSAUrGzhubyu9PYron2rX+tOtEVws root@ubuntu-bionic (ECDSA)
<14>Sep  5 05:12:56 cloud-init: 256 SHA256:gVLkHelZtMvXE45kV7em5H25dNzuPdZqkv6QO90P1Ys root@ubuntu-bionic (ED25519)
<14>Sep  5 05:12:56 cloud-init: 2048 SHA256:/oDXCbKiFHnByHBQK3kaFLn4oczGjrABK/++/1dtPFI root@ubuntu-bionic (RSA)
<14>Sep  5 05:12:56 cloud-init: -----END SSH HOST KEY FINGERPRINTS-----
<14>Sep  5 05:12:56 cloud-init: #############################################################
-----BEGIN SSH HOST KEY KEYS-----
ecdsa-sha2-nistp256 AAAAE2VjZHNhLXNoYTItbmlzdHAyNTYAAAAIbmlzdHAyNTYAAABBBJMn7xqwkyql6W56Y4b0f0ULFM0Opsl2wNIfzwpkYtILXtdCpqOttH0Nqu2KpgIaq0zsYpe9apxVCxSmuBuSf9M= root@ubuntu-bionic
ssh-ed25519 AAAAC3NzaC1lZDI1NTE5AAAAIMQKOrW0wg33ScZudYjJlQ6CispZnaApWy8TA7SvHhfx root@ubuntu-bionic
ssh-rsa AAAAB3NzaC1yc2EAAAADAQABAAABAQCpJdzEXQER7W85nW/VrY7x8loEbUUKucj/QsMnbYuxQNLl5TDMeAuqblf9usFUk/DHqKEXL7cGMrtVjJn3neaOZCoBSKDHrv8J/BmzNLUIo7E4UuR0xJpUi6qC/HMWTuenuDCv3egq6qec2QzqpzMIpaaDWB264s8w3ki3O4UpIYwdA5+DYYF/ihSv7LuSfBRTUNxwO3VssU/0CTh/WHw6hB2E0ZA+5SUt3nKYQNfR74jtDNz1jUXI7SiHYmW73VZT0BIuQKJlBglO+LwKEEKkFIo85ByMTy+zB+H89ZywtQgHW1zvTB7sDuH47sT70SW0CNUH1cylYbGyDTRty5QP root@ubuntu-bionic
-----END SSH HOST KEY KEYS-----
[   50.612904] cloud-init[1579]: Cloud-init v. 23.1.2-0ubuntu0~18.04.1 running 'modules:final' at Tue, 05 Sep 2023 05:12:56 +0000. Up 50.05 seconds.
[   50.613100] cloud-init[1579]: Cloud-init v. 23.1.2-0ubuntu0~18.04.1 finished at Tue, 05 Sep 2023 05:12:57 +0000. Datasource DataSourceNoCloud [seed=/dev/sdb][dsmode=net].  Up 50.59 seconds
